CRITICAL - 2022-01-01 00:11:52 --> Call to undefined method App\Models\blogModel::getPekerjaan
#0 C:\xampp\htdocs\repository\ci4\app\Controllers\blog.php(46): CodeIgniter\Model->__call('getPekerjaan', Array)
#1 C:\xampp\htdocs\repository\ci4\system\CodeIgniter.php(824): App\Controllers\blog->editBlog('5')
#2 C:\xampp\htdocs\repository\ci4\system\CodeIgniter.php(410): CodeIgniter\CodeIgniter->runController(Object(App\Controllers\blog))
#3 C:\xampp\htdocs\repository\ci4\system\CodeIgniter.php(318): CodeIgniter\CodeIgniter->handleRequest(NULL, Object(Config\Cache), false)
#4 C:\xampp\htdocs\repository\ci4\public\index.php(37): CodeIgniter\CodeIgniter->run()
#5 C:\xampp\htdocs\repository\ci4\system\Commands\Server\rewrite.php(43): require_once('C:\\xampp\\htdocs...')
#6 {main}
CRITICAL - 2022-01-01 00:17:11 --> The original file is not a valid file.
#0 C:\xampp\htdocs\repository\ci4\system\HTTP\Files\UploadedFile.php(137): CodeIgniter\HTTP\Exceptions\HTTPException::forInvalidFile()
#1 C:\xampp\htdocs\repository\ci4\app\Controllers\blog.php(64): CodeIgniter\HTTP\Files\UploadedFile->move('img/')
#2 C:\xampp\htdocs\repository\ci4\system\CodeIgniter.php(824): App\Controllers\blog->updateBlog('1')
#3 C:\xampp\htdocs\repository\ci4\system\CodeIgniter.php(410): CodeIgniter\CodeIgniter->runController(Object(App\Controllers\blog))
#4 C:\xampp\htdocs\repository\ci4\system\CodeIgniter.php(318): CodeIgniter\CodeIgniter->handleRequest(NULL, Object(Config\Cache), false)
#5 C:\xampp\htdocs\repository\ci4\public\index.php(37): CodeIgniter\CodeIgniter->run()
#6 C:\xampp\htdocs\repository\ci4\system\Commands\Server\rewrite.php(43): require_once('C:\\xampp\\htdocs...')
#7 {main}
CRITICAL - 2022-01-01 00:24:03 --> The original file is not a valid file.
#0 C:\xampp\htdocs\repository\ci4\system\HTTP\Files\UploadedFile.php(137): CodeIgniter\HTTP\Exceptions\HTTPException::forInvalidFile()
#1 C:\xampp\htdocs\repository\ci4\app\Controllers\blog.php(64): CodeIgniter\HTTP\Files\UploadedFile->move('img/')
#2 C:\xampp\htdocs\repository\ci4\system\CodeIgniter.php(824): App\Controllers\blog->updateBlog('1')
#3 C:\xampp\htdocs\repository\ci4\system\CodeIgniter.php(410): CodeIgniter\CodeIgniter->runController(Object(App\Controllers\blog))
#4 C:\xampp\htdocs\repository\ci4\system\CodeIgniter.php(318): CodeIgniter\CodeIgniter->handleRequest(NULL, Object(Config\Cache), false)
#5 C:\xampp\htdocs\repository\ci4\public\index.php(37): CodeIgniter\CodeIgniter->run()
#6 C:\xampp\htdocs\repository\ci4\system\Commands\Server\rewrite.php(43): require_once('C:\\xampp\\htdocs...')
#7 {main}
CRITICAL - 2022-01-01 00:24:50 --> The original file is not a valid file.
#0 C:\xampp\htdocs\repository\ci4\system\HTTP\Files\UploadedFile.php(137): CodeIgniter\HTTP\Exceptions\HTTPException::forInvalidFile()
#1 C:\xampp\htdocs\repository\ci4\app\Controllers\blog.php(64): CodeIgniter\HTTP\Files\UploadedFile->move('img/')
#2 C:\xampp\htdocs\repository\ci4\system\CodeIgniter.php(824): App\Controllers\blog->updateBlog('1')
#3 C:\xampp\htdocs\repository\ci4\system\CodeIgniter.php(410): CodeIgniter\CodeIgniter->runController(Object(App\Controllers\blog))
#4 C:\xampp\htdocs\repository\ci4\system\CodeIgniter.php(318): CodeIgniter\CodeIgniter->handleRequest(NULL, Object(Config\Cache), false)
#5 C:\xampp\htdocs\repository\ci4\public\index.php(37): CodeIgniter\CodeIgniter->run()
#6 C:\xampp\htdocs\repository\ci4\system\Commands\Server\rewrite.php(43): require_once('C:\\xampp\\htdocs...')
#7 {main}
CRITICAL - 2022-01-01 00:26:04 --> syntax error, unexpected token "if"
#0 C:\xampp\htdocs\repository\ci4\system\Router\Router.php(176): CodeIgniter\Router\Router->autoRoute('blog/editBlog/3')
#1 C:\xampp\htdocs\repository\ci4\system\CodeIgniter.php(718): CodeIgniter\Router\Router->handle('blog/editBlog/3')
#2 C:\xampp\htdocs\repository\ci4\system\CodeIgniter.php(359): CodeIgniter\CodeIgniter->tryToRouteIt(Object(CodeIgniter\Router\RouteCollection))
#3 C:\xampp\htdocs\repository\ci4\system\CodeIgniter.php(318): CodeIgniter\CodeIgniter->handleRequest(NULL, Object(Config\Cache), false)
#4 C:\xampp\htdocs\repository\ci4\public\index.php(37): CodeIgniter\CodeIgniter->run()
#5 C:\xampp\htdocs\repository\ci4\system\Commands\Server\rewrite.php(43): require_once('C:\\xampp\\htdocs...')
#6 {main}
CRITICAL - 2022-01-01 00:27:01 --> The original file is not a valid file.
#0 C:\xampp\htdocs\repository\ci4\system\HTTP\Files\UploadedFile.php(137): CodeIgniter\HTTP\Exceptions\HTTPException::forInvalidFile()
#1 C:\xampp\htdocs\repository\ci4\app\Controllers\blog.php(63): CodeIgniter\HTTP\Files\UploadedFile->move('img/')
#2 C:\xampp\htdocs\repository\ci4\system\CodeIgniter.php(824): App\Controllers\blog->updateBlog('1')
#3 C:\xampp\htdocs\repository\ci4\system\CodeIgniter.php(410): CodeIgniter\CodeIgniter->runController(Object(App\Controllers\blog))
#4 C:\xampp\htdocs\repository\ci4\system\CodeIgniter.php(318): CodeIgniter\CodeIgniter->handleRequest(NULL, Object(Config\Cache), false)
#5 C:\xampp\htdocs\repository\ci4\public\index.php(37): CodeIgniter\CodeIgniter->run()
#6 C:\xampp\htdocs\repository\ci4\system\Commands\Server\rewrite.php(43): require_once('C:\\xampp\\htdocs...')
#7 {main}
CRITICAL - 2022-01-01 00:31:16 --> syntax error, unexpected token "}"
#0 C:\xampp\htdocs\repository\ci4\system\Router\Router.php(176): CodeIgniter\Router\Router->autoRoute('blog/editBlog/3')
#1 C:\xampp\htdocs\repository\ci4\system\CodeIgniter.php(718): CodeIgniter\Router\Router->handle('blog/editBlog/3')
#2 C:\xampp\htdocs\repository\ci4\system\CodeIgniter.php(359): CodeIgniter\CodeIgniter->tryToRouteIt(Object(CodeIgniter\Router\RouteCollection))
#3 C:\xampp\htdocs\repository\ci4\system\CodeIgniter.php(318): CodeIgniter\CodeIgniter->handleRequest(NULL, Object(Config\Cache), false)
#4 C:\xampp\htdocs\repository\ci4\public\index.php(37): CodeIgniter\CodeIgniter->run()
#5 C:\xampp\htdocs\repository\ci4\system\Commands\Server\rewrite.php(43): require_once('C:\\xampp\\htdocs...')
#6 {main}
CRITICAL - 2022-01-01 00:40:36 --> unlink(img/1641018874_0d944efffa61cdb5870c.jpeg): No such file or directory
#0 [internal function]: CodeIgniter\Debug\Exceptions->errorHandler(2, 'unlink(img/1641...', 'C:\\xampp\\htdocs...', 104)
#1 C:\xampp\htdocs\repository\ci4\app\Controllers\blog.php(104): unlink('img/1641018874_...')
#2 C:\xampp\htdocs\repository\ci4\system\CodeIgniter.php(824): App\Controllers\blog->delete('20')
#3 C:\xampp\htdocs\repository\ci4\system\CodeIgniter.php(410): CodeIgniter\CodeIgniter->runController(Object(App\Controllers\blog))
#4 C:\xampp\htdocs\repository\ci4\system\CodeIgniter.php(318): CodeIgniter\CodeIgniter->handleRequest(NULL, Object(Config\Cache), false)
#5 C:\xampp\htdocs\repository\ci4\public\index.php(37): CodeIgniter\CodeIgniter->run()
#6 C:\xampp\htdocs\repository\ci4\system\Commands\Server\rewrite.php(43): require_once('C:\\xampp\\htdocs...')
#7 {main}
CRITICAL - 2022-01-01 00:40:46 --> unlink(img/1641018874_0d944efffa61cdb5870c.jpeg): No such file or directory
#0 [internal function]: CodeIgniter\Debug\Exceptions->errorHandler(2, 'unlink(img/1641...', 'C:\\xampp\\htdocs...', 104)
#1 C:\xampp\htdocs\repository\ci4\app\Controllers\blog.php(104): unlink('img/1641018874_...')
#2 C:\xampp\htdocs\repository\ci4\system\CodeIgniter.php(824): App\Controllers\blog->delete('20')
#3 C:\xampp\htdocs\repository\ci4\system\CodeIgniter.php(410): CodeIgniter\CodeIgniter->runController(Object(App\Controllers\blog))
#4 C:\xampp\htdocs\repository\ci4\system\CodeIgniter.php(318): CodeIgniter\CodeIgniter->handleRequest(NULL, Object(Config\Cache), false)
#5 C:\xampp\htdocs\repository\ci4\public\index.php(37): CodeIgniter\CodeIgniter->run()
#6 C:\xampp\htdocs\repository\ci4\system\Commands\Server\rewrite.php(43): require_once('C:\\xampp\\htdocs...')
#7 {main}
CRITICAL - 2022-01-01 00:40:51 --> unlink(img/1641018874_0d944efffa61cdb5870c.jpeg): No such file or directory
#0 [internal function]: CodeIgniter\Debug\Exceptions->errorHandler(2, 'unlink(img/1641...', 'C:\\xampp\\htdocs...', 104)
#1 C:\xampp\htdocs\repository\ci4\app\Controllers\blog.php(104): unlink('img/1641018874_...')
#2 C:\xampp\htdocs\repository\ci4\system\CodeIgniter.php(824): App\Controllers\blog->delete('20')
#3 C:\xampp\htdocs\repository\ci4\system\CodeIgniter.php(410): CodeIgniter\CodeIgniter->runController(Object(App\Controllers\blog))
#4 C:\xampp\htdocs\repository\ci4\system\CodeIgniter.php(318): CodeIgniter\CodeIgniter->handleRequest(NULL, Object(Config\Cache), false)
#5 C:\xampp\htdocs\repository\ci4\public\index.php(37): CodeIgniter\CodeIgniter->run()
#6 C:\xampp\htdocs\repository\ci4\system\Commands\Server\rewrite.php(43): require_once('C:\\xampp\\htdocs...')
#7 {main}
CRITICAL - 2022-01-01 00:42:13 --> unlink(img/1641018874_0d944efffa61cdb5870c.jpeg): No such file or directory
#0 [internal function]: CodeIgniter\Debug\Exceptions->errorHandler(2, 'unlink(img/1641...', 'C:\\xampp\\htdocs...', 104)
#1 C:\xampp\htdocs\repository\ci4\app\Controllers\blog.php(104): unlink('img/1641018874_...')
#2 C:\xampp\htdocs\repository\ci4\system\CodeIgniter.php(824): App\Controllers\blog->delete('20')
#3 C:\xampp\htdocs\repository\ci4\system\CodeIgniter.php(410): CodeIgniter\CodeIgniter->runController(Object(App\Controllers\blog))
#4 C:\xampp\htdocs\repository\ci4\system\CodeIgniter.php(318): CodeIgniter\CodeIgniter->handleRequest(NULL, Object(Config\Cache), false)
#5 C:\xampp\htdocs\repository\ci4\public\index.php(37): CodeIgniter\CodeIgniter->run()
#6 C:\xampp\htdocs\repository\ci4\system\Commands\Server\rewrite.php(43): require_once('C:\\xampp\\htdocs...')
#7 {main}
CRITICAL - 2022-01-01 00:42:19 --> unlink(img/1641018874_0d944efffa61cdb5870c.jpeg): No such file or directory
#0 [internal function]: CodeIgniter\Debug\Exceptions->errorHandler(2, 'unlink(img/1641...', 'C:\\xampp\\htdocs...', 104)
#1 C:\xampp\htdocs\repository\ci4\app\Controllers\blog.php(104): unlink('img/1641018874_...')
#2 C:\xampp\htdocs\repository\ci4\system\CodeIgniter.php(824): App\Controllers\blog->delete('20')
#3 C:\xampp\htdocs\repository\ci4\system\CodeIgniter.php(410): CodeIgniter\CodeIgniter->runController(Object(App\Controllers\blog))
#4 C:\xampp\htdocs\repository\ci4\system\CodeIgniter.php(318): CodeIgniter\CodeIgniter->handleRequest(NULL, Object(Config\Cache), false)
#5 C:\xampp\htdocs\repository\ci4\public\index.php(37): CodeIgniter\CodeIgniter->run()
#6 C:\xampp\htdocs\repository\ci4\system\Commands\Server\rewrite.php(43): require_once('C:\\xampp\\htdocs...')
#7 {main}
CRITICAL - 2022-01-01 01:23:55 --> syntax error, unexpected token "return"
#0 C:\xampp\htdocs\repository\ci4\system\Autoloader\Autoloader.php(241): CodeIgniter\Autoloader\Autoloader->includeFile('C:\\xampp\\htdocs...')
#1 C:\xampp\htdocs\repository\ci4\system\Autoloader\Autoloader.php(219): CodeIgniter\Autoloader\Autoloader->loadInNamespace('App\\Controllers...')
#2 [internal function]: CodeIgniter\Autoloader\Autoloader->loadClass('App\\Controllers...')
#3 C:\xampp\htdocs\repository\ci4\system\CodeIgniter.php(789): class_exists('\\App\\Controller...', true)
#4 C:\xampp\htdocs\repository\ci4\system\CodeIgniter.php(397): CodeIgniter\CodeIgniter->startController()
#5 C:\xampp\htdocs\repository\ci4\system\CodeIgniter.php(318): CodeIgniter\CodeIgniter->handleRequest(NULL, Object(Config\Cache), false)
#6 C:\xampp\htdocs\repository\ci4\public\index.php(37): CodeIgniter\CodeIgniter->run()
#7 C:\xampp\htdocs\repository\ci4\system\Commands\Server\rewrite.php(43): require_once('C:\\xampp\\htdocs...')
#8 {main}
CRITICAL - 2022-01-01 01:25:05 --> Undefined variable $title
#0 C:\xampp\htdocs\repository\ci4\app\Views\template\template.php(37): CodeIgniter\Debug\Exceptions->errorHandler(2, 'Undefined varia...', 'C:\\xampp\\htdocs...', 37)
#1 C:\xampp\htdocs\repository\ci4\system\View\View.php(214): include('C:\\xampp\\htdocs...')
#2 C:\xampp\htdocs\repository\ci4\system\View\View.php(217): CodeIgniter\View\View->CodeIgniter\View\{closure}()
#3 C:\xampp\htdocs\repository\ci4\system\View\View.php(230): CodeIgniter\View\View->render('template/templa...', Array, true)
#4 C:\xampp\htdocs\repository\ci4\system\Common.php(1097): CodeIgniter\View\View->render('admin/insert/in...', Array, true)
#5 C:\xampp\htdocs\repository\ci4\app\Controllers\Home.php(86): view('admin/insert/in...')
#6 C:\xampp\htdocs\repository\ci4\system\CodeIgniter.php(824): App\Controllers\Home->tambahBrand()
#7 C:\xampp\htdocs\repository\ci4\system\CodeIgniter.php(410): CodeIgniter\CodeIgniter->runController(Object(App\Controllers\Home))
#8 C:\xampp\htdocs\repository\ci4\system\CodeIgniter.php(318): CodeIgniter\CodeIgniter->handleRequest(NULL, Object(Config\Cache), false)
#9 C:\xampp\htdocs\repository\ci4\public\index.php(37): CodeIgniter\CodeIgniter->run()
#10 C:\xampp\htdocs\repository\ci4\system\Commands\Server\rewrite.php(43): require_once('C:\\xampp\\htdocs...')
#11 {main}
CRITICAL - 2022-01-01 01:25:06 --> Undefined variable $title
#0 C:\xampp\htdocs\repository\ci4\app\Views\template\template.php(37): CodeIgniter\Debug\Exceptions->errorHandler(2, 'Undefined varia...', 'C:\\xampp\\htdocs...', 37)
#1 C:\xampp\htdocs\repository\ci4\system\View\View.php(214): include('C:\\xampp\\htdocs...')
#2 C:\xampp\htdocs\repository\ci4\system\View\View.php(217): CodeIgniter\View\View->CodeIgniter\View\{closure}()
#3 C:\xampp\htdocs\repository\ci4\system\View\View.php(230): CodeIgniter\View\View->render('template/templa...', Array, true)
#4 C:\xampp\htdocs\repository\ci4\system\Common.php(1097): CodeIgniter\View\View->render('admin/insert/in...', Array, true)
#5 C:\xampp\htdocs\repository\ci4\app\Controllers\Home.php(86): view('admin/insert/in...')
#6 C:\xampp\htdocs\repository\ci4\system\CodeIgniter.php(824): App\Controllers\Home->tambahBrand()
#7 C:\xampp\htdocs\repository\ci4\system\CodeIgniter.php(410): CodeIgniter\CodeIgniter->runController(Object(App\Controllers\Home))
#8 C:\xampp\htdocs\repository\ci4\system\CodeIgniter.php(318): CodeIgniter\CodeIgniter->handleRequest(NULL, Object(Config\Cache), false)
#9 C:\xampp\htdocs\repository\ci4\public\index.php(37): CodeIgniter\CodeIgniter->run()
#10 C:\xampp\htdocs\repository\ci4\system\Commands\Server\rewrite.php(43): require_once('C:\\xampp\\htdocs...')
#11 {main}
CRITICAL - 2022-01-01 01:25:07 --> Undefined variable $title
#0 C:\xampp\htdocs\repository\ci4\app\Views\template\template.php(37): CodeIgniter\Debug\Exceptions->errorHandler(2, 'Undefined varia...', 'C:\\xampp\\htdocs...', 37)
#1 C:\xampp\htdocs\repository\ci4\system\View\View.php(214): include('C:\\xampp\\htdocs...')
#2 C:\xampp\htdocs\repository\ci4\system\View\View.php(217): CodeIgniter\View\View->CodeIgniter\View\{closure}()
#3 C:\xampp\htdocs\repository\ci4\system\View\View.php(230): CodeIgniter\View\View->render('template/templa...', Array, true)
#4 C:\xampp\htdocs\repository\ci4\system\Common.php(1097): CodeIgniter\View\View->render('admin/insert/in...', Array, true)
#5 C:\xampp\htdocs\repository\ci4\app\Controllers\Home.php(86): view('admin/insert/in...')
#6 C:\xampp\htdocs\repository\ci4\system\CodeIgniter.php(824): App\Controllers\Home->tambahBrand()
#7 C:\xampp\htdocs\repository\ci4\system\CodeIgniter.php(410): CodeIgniter\CodeIgniter->runController(Object(App\Controllers\Home))
#8 C:\xampp\htdocs\repository\ci4\system\CodeIgniter.php(318): CodeIgniter\CodeIgniter->handleRequest(NULL, Object(Config\Cache), false)
#9 C:\xampp\htdocs\repository\ci4\public\index.php(37): CodeIgniter\CodeIgniter->run()
#10 C:\xampp\htdocs\repository\ci4\system\Commands\Server\rewrite.php(43): require_once('C:\\xampp\\htdocs...')
#11 {main}
CRITICAL - 2022-01-01 01:25:07 --> Undefined variable $title
#0 C:\xampp\htdocs\repository\ci4\app\Views\template\template.php(37): CodeIgniter\Debug\Exceptions->errorHandler(2, 'Undefined varia...', 'C:\\xampp\\htdocs...', 37)
#1 C:\xampp\htdocs\repository\ci4\system\View\View.php(214): include('C:\\xampp\\htdocs...')
#2 C:\xampp\htdocs\repository\ci4\system\View\View.php(217): CodeIgniter\View\View->CodeIgniter\View\{closure}()
#3 C:\xampp\htdocs\repository\ci4\system\View\View.php(230): CodeIgniter\View\View->render('template/templa...', Array, true)
#4 C:\xampp\htdocs\repository\ci4\system\Common.php(1097): CodeIgniter\View\View->render('admin/insert/in...', Array, true)
#5 C:\xampp\htdocs\repository\ci4\app\Controllers\Home.php(86): view('admin/insert/in...')
#6 C:\xampp\htdocs\repository\ci4\system\CodeIgniter.php(824): App\Controllers\Home->tambahBrand()
#7 C:\xampp\htdocs\repository\ci4\system\CodeIgniter.php(410): CodeIgniter\CodeIgniter->runController(Object(App\Controllers\Home))
#8 C:\xampp\htdocs\repository\ci4\system\CodeIgniter.php(318): CodeIgniter\CodeIgniter->handleRequest(NULL, Object(Config\Cache), false)
#9 C:\xampp\htdocs\repository\ci4\public\index.php(37): CodeIgniter\CodeIgniter->run()
#10 C:\xampp\htdocs\repository\ci4\system\Commands\Server\rewrite.php(43): require_once('C:\\xampp\\htdocs...')
#11 {main}
CRITICAL - 2022-01-01 01:25:07 --> Undefined variable $title
#0 C:\xampp\htdocs\repository\ci4\app\Views\template\template.php(37): CodeIgniter\Debug\Exceptions->errorHandler(2, 'Undefined varia...', 'C:\\xampp\\htdocs...', 37)
#1 C:\xampp\htdocs\repository\ci4\system\View\View.php(214): include('C:\\xampp\\htdocs...')
#2 C:\xampp\htdocs\repository\ci4\system\View\View.php(217): CodeIgniter\View\View->CodeIgniter\View\{closure}()
#3 C:\xampp\htdocs\repository\ci4\system\View\View.php(230): CodeIgniter\View\View->render('template/templa...', Array, true)
#4 C:\xampp\htdocs\repository\ci4\system\Common.php(1097): CodeIgniter\View\View->render('admin/insert/in...', Array, true)
#5 C:\xampp\htdocs\repository\ci4\app\Controllers\Home.php(86): view('admin/insert/in...')
#6 C:\xampp\htdocs\repository\ci4\system\CodeIgniter.php(824): App\Controllers\Home->tambahBrand()
#7 C:\xampp\htdocs\repository\ci4\system\CodeIgniter.php(410): CodeIgniter\CodeIgniter->runController(Object(App\Controllers\Home))
#8 C:\xampp\htdocs\repository\ci4\system\CodeIgniter.php(318): CodeIgniter\CodeIgniter->handleRequest(NULL, Object(Config\Cache), false)
#9 C:\xampp\htdocs\repository\ci4\public\index.php(37): CodeIgniter\CodeIgniter->run()
#10 C:\xampp\htdocs\repository\ci4\system\Commands\Server\rewrite.php(43): require_once('C:\\xampp\\htdocs...')
#11 {main}
CRITICAL - 2022-01-01 01:25:15 --> Undefined variable $title
#0 C:\xampp\htdocs\repository\ci4\app\Views\template\template.php(37): CodeIgniter\Debug\Exceptions->errorHandler(2, 'Undefined varia...', 'C:\\xampp\\htdocs...', 37)
#1 C:\xampp\htdocs\repository\ci4\system\View\View.php(214): include('C:\\xampp\\htdocs...')
#2 C:\xampp\htdocs\repository\ci4\system\View\View.php(217): CodeIgniter\View\View->CodeIgniter\View\{closure}()
#3 C:\xampp\htdocs\repository\ci4\system\View\View.php(230): CodeIgniter\View\View->render('template/templa...', Array, true)
#4 C:\xampp\htdocs\repository\ci4\system\Common.php(1097): CodeIgniter\View\View->render('admin/insert/in...', Array, true)
#5 C:\xampp\htdocs\repository\ci4\app\Controllers\Home.php(86): view('admin/insert/in...')
#6 C:\xampp\htdocs\repository\ci4\system\CodeIgniter.php(824): App\Controllers\Home->tambahBrand()
#7 C:\xampp\htdocs\repository\ci4\system\CodeIgniter.php(410): CodeIgniter\CodeIgniter->runController(Object(App\Controllers\Home))
#8 C:\xampp\htdocs\repository\ci4\system\CodeIgniter.php(318): CodeIgniter\CodeIgniter->handleRequest(NULL, Object(Config\Cache), false)
#9 C:\xampp\htdocs\repository\ci4\public\index.php(37): CodeIgniter\CodeIgniter->run()
#10 C:\xampp\htdocs\repository\ci4\system\Commands\Server\rewrite.php(43): require_once('C:\\xampp\\htdocs...')
#11 {main}
CRITICAL - 2022-01-01 01:25:24 --> Undefined variable $title
#0 C:\xampp\htdocs\repository\ci4\app\Views\template\template.php(37): CodeIgniter\Debug\Exceptions->errorHandler(2, 'Undefined varia...', 'C:\\xampp\\htdocs...', 37)
#1 C:\xampp\htdocs\repository\ci4\system\View\View.php(214): include('C:\\xampp\\htdocs...')
#2 C:\xampp\htdocs\repository\ci4\system\View\View.php(217): CodeIgniter\View\View->CodeIgniter\View\{closure}()
#3 C:\xampp\htdocs\repository\ci4\system\View\View.php(230): CodeIgniter\View\View->render('template/templa...', Array, true)
#4 C:\xampp\htdocs\repository\ci4\system\Common.php(1097): CodeIgniter\View\View->render('admin/insert/in...', Array, true)
#5 C:\xampp\htdocs\repository\ci4\app\Controllers\Home.php(86): view('admin/insert/in...')
#6 C:\xampp\htdocs\repository\ci4\system\CodeIgniter.php(824): App\Controllers\Home->tambahBrand()
#7 C:\xampp\htdocs\repository\ci4\system\CodeIgniter.php(410): CodeIgniter\CodeIgniter->runController(Object(App\Controllers\Home))
#8 C:\xampp\htdocs\repository\ci4\system\CodeIgniter.php(318): CodeIgniter\CodeIgniter->handleRequest(NULL, Object(Config\Cache), false)
#9 C:\xampp\htdocs\repository\ci4\public\index.php(37): CodeIgniter\CodeIgniter->run()
#10 C:\xampp\htdocs\repository\ci4\system\Commands\Server\rewrite.php(43): require_once('C:\\xampp\\htdocs...')
#11 {main}
CRITICAL - 2022-01-01 01:25:28 --> Undefined variable $title
#0 C:\xampp\htdocs\repository\ci4\app\Views\template\template.php(37): CodeIgniter\Debug\Exceptions->errorHandler(2, 'Undefined varia...', 'C:\\xampp\\htdocs...', 37)
#1 C:\xampp\htdocs\repository\ci4\system\View\View.php(214): include('C:\\xampp\\htdocs...')
#2 C:\xampp\htdocs\repository\ci4\system\View\View.php(217): CodeIgniter\View\View->CodeIgniter\View\{closure}()
#3 C:\xampp\htdocs\repository\ci4\system\View\View.php(230): CodeIgniter\View\View->render('template/templa...', Array, true)
#4 C:\xampp\htdocs\repository\ci4\system\Common.php(1097): CodeIgniter\View\View->render('admin/insert/in...', Array, true)
#5 C:\xampp\htdocs\repository\ci4\app\Controllers\Home.php(86): view('admin/insert/in...')
#6 C:\xampp\htdocs\repository\ci4\system\CodeIgniter.php(824): App\Controllers\Home->tambahBrand()
#7 C:\xampp\htdocs\repository\ci4\system\CodeIgniter.php(410): CodeIgniter\CodeIgniter->runController(Object(App\Controllers\Home))
#8 C:\xampp\htdocs\repository\ci4\system\CodeIgniter.php(318): CodeIgniter\CodeIgniter->handleRequest(NULL, Object(Config\Cache), false)
#9 C:\xampp\htdocs\repository\ci4\public\index.php(37): CodeIgniter\CodeIgniter->run()
#10 C:\xampp\htdocs\repository\ci4\system\Commands\Server\rewrite.php(43): require_once('C:\\xampp\\htdocs...')
#11 {main}
CRITICAL - 2022-01-01 01:25:28 --> Undefined variable $title
#0 C:\xampp\htdocs\repository\ci4\app\Views\template\template.php(37): CodeIgniter\Debug\Exceptions->errorHandler(2, 'Undefined varia...', 'C:\\xampp\\htdocs...', 37)
#1 C:\xampp\htdocs\repository\ci4\system\View\View.php(214): include('C:\\xampp\\htdocs...')
#2 C:\xampp\htdocs\repository\ci4\system\View\View.php(217): CodeIgniter\View\View->CodeIgniter\View\{closure}()
#3 C:\xampp\htdocs\repository\ci4\system\View\View.php(230): CodeIgniter\View\View->render('template/templa...', Array, true)
#4 C:\xampp\htdocs\repository\ci4\system\Common.php(1097): CodeIgniter\View\View->render('admin/insert/in...', Array, true)
#5 C:\xampp\htdocs\repository\ci4\app\Controllers\Home.php(86): view('admin/insert/in...')
#6 C:\xampp\htdocs\repository\ci4\system\CodeIgniter.php(824): App\Controllers\Home->tambahBrand()
#7 C:\xampp\htdocs\repository\ci4\system\CodeIgniter.php(410): CodeIgniter\CodeIgniter->runController(Object(App\Controllers\Home))
#8 C:\xampp\htdocs\repository\ci4\system\CodeIgniter.php(318): CodeIgniter\CodeIgniter->handleRequest(NULL, Object(Config\Cache), false)
#9 C:\xampp\htdocs\repository\ci4\public\index.php(37): CodeIgniter\CodeIgniter->run()
#10 C:\xampp\htdocs\repository\ci4\system\Commands\Server\rewrite.php(43): require_once('C:\\xampp\\htdocs...')
#11 {main}
